<?xml version="1.0" encoding="UTF-8"?>
<testng-results ignored="0" total="1" passed="1" failed="0" skipped="0">
  <reporter-output>
  </reporter-output>
  <suite started-at="2024-10-06T16:59:32 IST" name="Command line suite" finished-at="2024-10-06T16:59:33 IST" duration-ms="938">
    <groups>
    </groups>
    <test started-at="2024-10-06T16:59:32 IST" name="Command line test" finished-at="2024-10-06T16:59:33 IST" duration-ms="938">
      <class name="TestsExamples">
        <test-method signature="test_1()[pri:0, instance:TestsExamples@6a28ffa4]" started-at="2024-10-06T16:59:32 IST" name="test_1" finished-at="2024-10-06T16:59:33 IST" duration-ms="916" status="PASS">
          <reporter-output>
          </reporter-output>
        </test-method> <!-- test_1 -->
      </class> <!-- TestsExamples -->
    </test> <!-- Command line test -->
  </suite> <!-- Command line suite -->
</testng-results>
